<?xml version="1.0" encoding="UTF-8"?>
<testng-results ignored="0" total="1" passed="1" failed="0" skipped="0">
  <reporter-output>
  </reporter-output>
  <suite started-at="2022-08-01T19:13:48 IST" name="Default suite" finished-at="2022-08-01T19:14:57 IST" duration-ms="68644">
    <groups>
    </groups>
    <test started-at="2022-08-01T19:13:48 IST" name="Default test" finished-at="2022-08-01T19:14:57 IST" duration-ms="68644">
      <class name="Admin.testcase.MaterialBidcomparisonApprovertest">
        <test-method is-config="true" signature="setup()[pri:0, instance:Admin.testcase.MaterialBidcomparisonApprovertest@10d307f1]" started-at="2022-08-01T19:13:48 IST" name="setup" finished-at="2022-08-01T19:14:21 IST" duration-ms="33233" status="PASS">
          <reporter-output>
          </reporter-output>
        </test-method> <!-- setup -->
        <test-method signature="approveBidcomparisontest()[pri:1, instance:Admin.testcase.MaterialBidcomparisonApprovertest@10d307f1]" started-at="2022-08-01T19:14:21 IST" name="approveBidcomparisontest" finished-at="2022-08-01T19:14:57 IST" duration-ms="35329" status="PASS">
          <reporter-output>
          </reporter-output>
        </test-method> <!-- approveBidcomparisontest -->
      </class> <!-- Admin.testcase.MaterialBidcomparisonApprovertest -->
    </test> <!-- Default test -->
  </suite> <!-- Default suite -->
</testng-results>
