<?xml version="1.0" encoding="UTF-8"?>
<!-- Generated by org.testng.reporters.JUnitXMLReporter -->
<testsuite ignored="0" hostname="SoumyaHugar" failures="0" tests="14" name="Test" time="865.782" errors="0" timestamp="2022-07-04T15:14:08 IST">
  <testcase classname="Admin.testcase.VigilanceNOCpassportRequestortest" name="Gobacktest" time="15.195"/>
  <testcase classname="Admin.testcase.VigilanceNOCpassportRequestortest" name="Nocpassportcanceltest" time="50.445"/>
  <testcase classname="Admin.testcase.VigilanceNOCpassportRequestortest" name="Nocpassportsubmittest" time="49.353"/>
  <testcase classname="Admin.testcase.VigilanceNOCpassportRequestortest" name="ViewandQuittest" time="24.875"/>
  <testcase classname="Admin.testcase.VigilanceNOCpassportRequestortest" name="deletetherecordtest" time="19.13"/>
  <testcase classname="Admin.testcase.VigilanceNOCpassportRequestortest" name="Finalsubmittest" time="49.786"/>
  <testcase classname="Admin.testcase.VigilanceNOCpassportApprovertest" name="clickviewformtest" time="27.881"/>
  <testcase classname="Admin.testcase.VigilanceNOCpassportApprovertest" name="remarkandalldetailstest" time="45.684"/>
  <testcase classname="Admin.testcase.VigilanceNOCpassportApprovertest" name="Resettest" time="60.567"/>
  <testcase classname="Admin.testcase.VigilanceNOCpassportApprovertest" name="Submittest" time="45.269"/>
  <testcase classname="Admin.testcase.VigilanceNOCpassportApprovertest2" name="clickviewformtest" time="27.396"/>
  <testcase classname="Admin.testcase.VigilanceNOCpassportApprovertest2" name="remarkandalldetailstest" time="53.553"/>
  <testcase classname="Admin.testcase.VigilanceNOCpassportApprovertest2" name="Resettest" time="31.853"/>
  <testcase classname="Admin.testcase.VigilanceNOCpassportApprovertest2" name="Submittest" time="38.162"/>
</testsuite> <!-- Test -->
